[LOGGER], 2024-06-13 01:01:51.771 PM, error : Ini adalah Error0
[LOGGER], 2024-06-13 01:01:51.775 PM, warn : Ini adalah Warn0
[LOGGER], 2024-06-13 01:01:51.775 PM, info : Ini adalah Info0
[LOGGER], 2024-06-13 01:01:51.776 PM, http : ini adalah http0
[LOGGER], 2024-06-13 01:01:51.776 PM, verbose : Ini adalah verbose0
[LOGGER], 2024-06-13 01:01:51.776 PM, debug : Ini adalah debug0
[LOGGER], 2024-06-13 01:01:51.777 PM, silly : Ini adalah silly0
[LOGGER], 2024-06-13 01:01:51.777 PM, error : Ini adalah Error1
[LOGGER], 2024-06-13 01:01:51.778 PM, warn : Ini adalah Warn1
[LOGGER], 2024-06-13 01:01:51.779 PM, info : Ini adalah Info1
[LOGGER], 2024-06-13 01:01:51.780 PM, http : ini adalah http1
[LOGGER], 2024-06-13 01:01:51.780 PM, verbose : Ini adalah verbose1
[LOGGER], 2024-06-13 01:01:51.782 PM, debug : Ini adalah debug1
[LOGGER], 2024-06-13 01:01:51.783 PM, silly : Ini adalah silly1
[LOGGER], 2024-06-13 01:01:51.795 PM, error : Ini adalah Error0
[LOGGER], 2024-06-13 01:01:51.796 PM, warn : Ini adalah Warn0
[LOGGER], 2024-06-13 01:01:51.797 PM, info : Ini adalah Info0
[LOGGER], 2024-06-13 01:01:51.798 PM, http : ini adalah http0
[LOGGER], 2024-06-13 01:01:51.798 PM, verbose : Ini adalah verbose0
[LOGGER], 2024-06-13 01:01:51.800 PM, debug : Ini adalah debug0
[LOGGER], 2024-06-13 01:01:51.800 PM, silly : Ini adalah silly0
[LOGGER], 2024-06-13 01:01:51.801 PM, error : Ini adalah Error1
[LOGGER], 2024-06-13 01:01:51.801 PM, warn : Ini adalah Warn1
[LOGGER], 2024-06-13 01:01:51.802 PM, info : Ini adalah Info1
[LOGGER], 2024-06-13 01:01:51.802 PM, http : ini adalah http1
[LOGGER], 2024-06-13 01:01:51.802 PM, verbose : Ini adalah verbose1
[LOGGER], 2024-06-13 01:01:51.802 PM, debug : Ini adalah debug1
[LOGGER], 2024-06-13 01:01:51.803 PM, silly : Ini adalah silly1
[LOGGER], 2024-06-13 01:01:54.586 PM, error : Ini adalah Error0
[LOGGER], 2024-06-13 01:01:54.587 PM, warn : Ini adalah Warn0
[LOGGER], 2024-06-13 01:01:54.587 PM, info : Ini adalah Info0
[LOGGER], 2024-06-13 01:01:54.587 PM, http : ini adalah http0
[LOGGER], 2024-06-13 01:01:54.588 PM, verbose : Ini adalah verbose0
[LOGGER], 2024-06-13 01:01:54.588 PM, debug : Ini adalah debug0
[LOGGER], 2024-06-13 01:01:54.589 PM, silly : Ini adalah silly0
[LOGGER], 2024-06-13 01:01:54.589 PM, error : Ini adalah Error1
[LOGGER], 2024-06-13 01:01:54.590 PM, warn : Ini adalah Warn1
[LOGGER], 2024-06-13 01:01:54.590 PM, info : Ini adalah Info1
[LOGGER], 2024-06-13 01:01:54.590 PM, http : ini adalah http1
[LOGGER], 2024-06-13 01:01:54.591 PM, verbose : Ini adalah verbose1
[LOGGER], 2024-06-13 01:01:54.591 PM, debug : Ini adalah debug1
[LOGGER], 2024-06-13 01:01:54.591 PM, silly : Ini adalah silly1
