[LOGGER], 2024-06-13 12:34:58.382 PM, error : Ini adalah Error0
[LOGGER], 2024-06-13 12:34:58.386 PM, warn : Ini adalah Warn0
[LOGGER], 2024-06-13 12:34:58.388 PM, info : Ini adalah Info0
[LOGGER], 2024-06-13 12:34:58.389 PM, http : ini adalah http0
[LOGGER], 2024-06-13 12:34:58.389 PM, verbose : Ini adalah verbose0
[LOGGER], 2024-06-13 12:34:58.390 PM, debug : Ini adalah debug0
[LOGGER], 2024-06-13 12:34:58.391 PM, silly : Ini adalah silly0
[LOGGER], 2024-06-13 12:34:58.392 PM, error : Ini adalah Error1
[LOGGER], 2024-06-13 12:34:58.393 PM, warn : Ini adalah Warn1
[LOGGER], 2024-06-13 12:34:58.394 PM, info : Ini adalah Info1
[LOGGER], 2024-06-13 12:34:58.395 PM, http : ini adalah http1
[LOGGER], 2024-06-13 12:34:58.397 PM, verbose : Ini adalah verbose1
[LOGGER], 2024-06-13 12:34:58.398 PM, debug : Ini adalah debug1
[LOGGER], 2024-06-13 12:34:58.399 PM, silly : Ini adalah silly1
[LOGGER], 2024-06-13 12:34:58.760 PM, error : Ini adalah Error0
[LOGGER], 2024-06-13 12:34:58.761 PM, warn : Ini adalah Warn0
[LOGGER], 2024-06-13 12:34:58.761 PM, info : Ini adalah Info0
[LOGGER], 2024-06-13 12:34:58.761 PM, http : ini adalah http0
[LOGGER], 2024-06-13 12:34:58.762 PM, verbose : Ini adalah verbose0
[LOGGER], 2024-06-13 12:34:58.762 PM, debug : Ini adalah debug0
[LOGGER], 2024-06-13 12:34:58.763 PM, silly : Ini adalah silly0
[LOGGER], 2024-06-13 12:34:58.763 PM, error : Ini adalah Error1
[LOGGER], 2024-06-13 12:34:58.763 PM, warn : Ini adalah Warn1
[LOGGER], 2024-06-13 12:34:58.764 PM, info : Ini adalah Info1
[LOGGER], 2024-06-13 12:34:58.764 PM, http : ini adalah http1
[LOGGER], 2024-06-13 12:34:58.765 PM, verbose : Ini adalah verbose1
[LOGGER], 2024-06-13 12:34:58.765 PM, debug : Ini adalah debug1
[LOGGER], 2024-06-13 12:34:58.765 PM, silly : Ini adalah silly1
[LOGGER], 2024-06-13 12:35:05.447 PM, error : Ini adalah Error0
[LOGGER], 2024-06-13 12:35:05.448 PM, warn : Ini adalah Warn0
[LOGGER], 2024-06-13 12:35:05.448 PM, info : Ini adalah Info0
[LOGGER], 2024-06-13 12:35:05.449 PM, http : ini adalah http0
[LOGGER], 2024-06-13 12:35:05.449 PM, verbose : Ini adalah verbose0
[LOGGER], 2024-06-13 12:35:05.450 PM, debug : Ini adalah debug0
[LOGGER], 2024-06-13 12:35:05.450 PM, silly : Ini adalah silly0
[LOGGER], 2024-06-13 12:35:05.450 PM, error : Ini adalah Error1
[LOGGER], 2024-06-13 12:35:05.451 PM, warn : Ini adalah Warn1
[LOGGER], 2024-06-13 12:35:05.451 PM, info : Ini adalah Info1
[LOGGER], 2024-06-13 12:35:05.451 PM, http : ini adalah http1
[LOGGER], 2024-06-13 12:35:05.452 PM, verbose : Ini adalah verbose1
[LOGGER], 2024-06-13 12:35:05.452 PM, debug : Ini adalah debug1
[LOGGER], 2024-06-13 12:35:05.452 PM, silly : Ini adalah silly1
[LOGGER], 2024-06-13 12:35:05.688 PM, error : Ini adalah Error0
[LOGGER], 2024-06-13 12:35:05.688 PM, warn : Ini adalah Warn0
[LOGGER], 2024-06-13 12:35:05.689 PM, info : Ini adalah Info0
[LOGGER], 2024-06-13 12:35:05.689 PM, http : ini adalah http0
[LOGGER], 2024-06-13 12:35:05.689 PM, verbose : Ini adalah verbose0
[LOGGER], 2024-06-13 12:35:05.689 PM, debug : Ini adalah debug0
[LOGGER], 2024-06-13 12:35:05.690 PM, silly : Ini adalah silly0
[LOGGER], 2024-06-13 12:35:05.690 PM, error : Ini adalah Error1
[LOGGER], 2024-06-13 12:35:05.690 PM, warn : Ini adalah Warn1
[LOGGER], 2024-06-13 12:35:05.691 PM, info : Ini adalah Info1
[LOGGER], 2024-06-13 12:35:05.691 PM, http : ini adalah http1
[LOGGER], 2024-06-13 12:35:05.692 PM, verbose : Ini adalah verbose1
[LOGGER], 2024-06-13 12:35:05.692 PM, debug : Ini adalah debug1
[LOGGER], 2024-06-13 12:35:05.692 PM, silly : Ini adalah silly1
[LOGGER], 2024-06-13 12:35:05.906 PM, error : Ini adalah Error0
[LOGGER], 2024-06-13 12:35:05.907 PM, warn : Ini adalah Warn0
[LOGGER], 2024-06-13 12:35:05.907 PM, info : Ini adalah Info0
[LOGGER], 2024-06-13 12:35:05.908 PM, http : ini adalah http0
[LOGGER], 2024-06-13 12:35:05.908 PM, verbose : Ini adalah verbose0
[LOGGER], 2024-06-13 12:35:05.909 PM, debug : Ini adalah debug0
[LOGGER], 2024-06-13 12:35:05.909 PM, silly : Ini adalah silly0
[LOGGER], 2024-06-13 12:35:05.909 PM, error : Ini adalah Error1
[LOGGER], 2024-06-13 12:35:05.909 PM, warn : Ini adalah Warn1
[LOGGER], 2024-06-13 12:35:05.910 PM, info : Ini adalah Info1
[LOGGER], 2024-06-13 12:35:05.910 PM, http : ini adalah http1
[LOGGER], 2024-06-13 12:35:05.910 PM, verbose : Ini adalah verbose1
[LOGGER], 2024-06-13 12:35:05.910 PM, debug : Ini adalah debug1
[LOGGER], 2024-06-13 12:35:05.911 PM, silly : Ini adalah silly1
[LOGGER], 2024-06-13 12:35:06.545 PM, error : Ini adalah Error0
[LOGGER], 2024-06-13 12:35:06.546 PM, warn : Ini adalah Warn0
[LOGGER], 2024-06-13 12:35:06.546 PM, info : Ini adalah Info0
[LOGGER], 2024-06-13 12:35:06.546 PM, http : ini adalah http0
[LOGGER], 2024-06-13 12:35:06.547 PM, verbose : Ini adalah verbose0
[LOGGER], 2024-06-13 12:35:06.547 PM, debug : Ini adalah debug0
[LOGGER], 2024-06-13 12:35:06.547 PM, silly : Ini adalah silly0
[LOGGER], 2024-06-13 12:35:06.547 PM, error : Ini adalah Error1
[LOGGER], 2024-06-13 12:35:06.548 PM, warn : Ini adalah Warn1
[LOGGER], 2024-06-13 12:35:06.548 PM, info : Ini adalah Info1
[LOGGER], 2024-06-13 12:35:06.548 PM, http : ini adalah http1
[LOGGER], 2024-06-13 12:35:06.548 PM, verbose : Ini adalah verbose1
[LOGGER], 2024-06-13 12:35:06.549 PM, debug : Ini adalah debug1
[LOGGER], 2024-06-13 12:35:06.549 PM, silly : Ini adalah silly1
[LOGGER], 2024-06-13 12:35:14.754 PM, error : Ini adalah Error0
[LOGGER], 2024-06-13 12:35:14.755 PM, warn : Ini adalah Warn0
[LOGGER], 2024-06-13 12:35:14.755 PM, info : Ini adalah Info0
[LOGGER], 2024-06-13 12:35:14.755 PM, http : ini adalah http0
[LOGGER], 2024-06-13 12:35:14.756 PM, verbose : Ini adalah verbose0
[LOGGER], 2024-06-13 12:35:14.756 PM, debug : Ini adalah debug0
[LOGGER], 2024-06-13 12:35:14.756 PM, silly : Ini adalah silly0
[LOGGER], 2024-06-13 12:35:14.757 PM, error : Ini adalah Error1
[LOGGER], 2024-06-13 12:35:14.757 PM, warn : Ini adalah Warn1
[LOGGER], 2024-06-13 12:35:14.757 PM, info : Ini adalah Info1
[LOGGER], 2024-06-13 12:35:14.757 PM, http : ini adalah http1
[LOGGER], 2024-06-13 12:35:14.758 PM, verbose : Ini adalah verbose1
[LOGGER], 2024-06-13 12:35:14.758 PM, debug : Ini adalah debug1
[LOGGER], 2024-06-13 12:35:14.758 PM, silly : Ini adalah silly1
[LOGGER], 2024-06-13 12:35:14.847 PM, error : Ini adalah Error0
[LOGGER], 2024-06-13 12:35:14.847 PM, warn : Ini adalah Warn0
[LOGGER], 2024-06-13 12:35:14.848 PM, info : Ini adalah Info0
[LOGGER], 2024-06-13 12:35:14.848 PM, http : ini adalah http0
[LOGGER], 2024-06-13 12:35:14.848 PM, verbose : Ini adalah verbose0
[LOGGER], 2024-06-13 12:35:14.849 PM, debug : Ini adalah debug0
[LOGGER], 2024-06-13 12:35:14.849 PM, silly : Ini adalah silly0
[LOGGER], 2024-06-13 12:35:14.849 PM, error : Ini adalah Error1
[LOGGER], 2024-06-13 12:35:14.850 PM, warn : Ini adalah Warn1
[LOGGER], 2024-06-13 12:35:14.850 PM, info : Ini adalah Info1
[LOGGER], 2024-06-13 12:35:14.850 PM, http : ini adalah http1
[LOGGER], 2024-06-13 12:35:14.851 PM, verbose : Ini adalah verbose1
[LOGGER], 2024-06-13 12:35:14.851 PM, debug : Ini adalah debug1
[LOGGER], 2024-06-13 12:35:14.851 PM, silly : Ini adalah silly1
