[LOGGER], 2024-06-07 02:47:38.498 PM, error : Ini adalah Error0
[LOGGER], 2024-06-07 02:47:38.501 PM, warn : Ini adalah Warn0
[LOGGER], 2024-06-07 02:47:38.502 PM, info : Ini adalah Info0
[LOGGER], 2024-06-07 02:47:38.503 PM, http : ini adalah http0
[LOGGER], 2024-06-07 02:47:38.504 PM, verbose : Ini adalah verbose0
[LOGGER], 2024-06-07 02:47:38.504 PM, debug : Ini adalah debug0
[LOGGER], 2024-06-07 02:47:38.505 PM, silly : Ini adalah silly0
[LOGGER], 2024-06-07 02:47:38.505 PM, error : Ini adalah Error1
[LOGGER], 2024-06-07 02:47:38.506 PM, warn : Ini adalah Warn1
[LOGGER], 2024-06-07 02:47:38.506 PM, info : Ini adalah Info1
[LOGGER], 2024-06-07 02:47:38.507 PM, http : ini adalah http1
[LOGGER], 2024-06-07 02:47:38.507 PM, verbose : Ini adalah verbose1
[LOGGER], 2024-06-07 02:47:38.508 PM, debug : Ini adalah debug1
[LOGGER], 2024-06-07 02:47:38.509 PM, silly : Ini adalah silly1
[LOGGER], 2024-06-07 02:47:38.509 PM, error : Ini adalah Error2
[LOGGER], 2024-06-07 02:47:38.510 PM, warn : Ini adalah Warn2
[LOGGER], 2024-06-07 02:47:38.511 PM, info : Ini adalah Info2
[LOGGER], 2024-06-07 02:47:38.511 PM, http : ini adalah http2
[LOGGER], 2024-06-07 02:47:38.511 PM, verbose : Ini adalah verbose2
[LOGGER], 2024-06-07 02:47:38.511 PM, debug : Ini adalah debug2
[LOGGER], 2024-06-07 02:47:38.511 PM, silly : Ini adalah silly2
[LOGGER], 2024-06-07 02:47:38.511 PM, error : Ini adalah Error3
[LOGGER], 2024-06-07 02:47:38.511 PM, warn : Ini adalah Warn3
[LOGGER], 2024-06-07 02:47:38.511 PM, info : Ini adalah Info3
[LOGGER], 2024-06-07 02:47:38.511 PM, http : ini adalah http3
[LOGGER], 2024-06-07 02:47:38.511 PM, verbose : Ini adalah verbose3
[LOGGER], 2024-06-07 02:47:38.511 PM, debug : Ini adalah debug3
[LOGGER], 2024-06-07 02:47:38.511 PM, silly : Ini adalah silly3
[LOGGER], 2024-06-07 02:47:38.511 PM, error : Ini adalah Error4
[LOGGER], 2024-06-07 02:47:38.511 PM, warn : Ini adalah Warn4
[LOGGER], 2024-06-07 02:47:38.511 PM, info : Ini adalah Info4
[LOGGER], 2024-06-07 02:47:38.511 PM, http : ini adalah http4
[LOGGER], 2024-06-07 02:47:38.725 PM, verbose : Ini adalah verbose4
[LOGGER], 2024-06-07 02:47:38.726 PM, debug : Ini adalah debug4
[LOGGER], 2024-06-07 02:47:38.727 PM, silly : Ini adalah silly4
[LOGGER], 2024-06-07 02:47:38.742 PM, error : Ini adalah Error0
[LOGGER], 2024-06-07 02:47:38.744 PM, warn : Ini adalah Warn0
[LOGGER], 2024-06-07 02:47:38.745 PM, info : Ini adalah Info0
[LOGGER], 2024-06-07 02:47:38.745 PM, http : ini adalah http0
[LOGGER], 2024-06-07 02:47:38.745 PM, verbose : Ini adalah verbose0
[LOGGER], 2024-06-07 02:47:38.745 PM, debug : Ini adalah debug0
[LOGGER], 2024-06-07 02:47:38.745 PM, silly : Ini adalah silly0
[LOGGER], 2024-06-07 02:47:38.745 PM, error : Ini adalah Error1
[LOGGER], 2024-06-07 02:47:38.745 PM, warn : Ini adalah Warn1
[LOGGER], 2024-06-07 02:47:38.745 PM, info : Ini adalah Info1
[LOGGER], 2024-06-07 02:47:38.745 PM, http : ini adalah http1
[LOGGER], 2024-06-07 02:47:38.745 PM, verbose : Ini adalah verbose1
[LOGGER], 2024-06-07 02:47:38.745 PM, debug : Ini adalah debug1
[LOGGER], 2024-06-07 02:47:38.745 PM, silly : Ini adalah silly1
[LOGGER], 2024-06-07 02:47:38.745 PM, error : Ini adalah Error2
[LOGGER], 2024-06-07 02:47:38.745 PM, warn : Ini adalah Warn2
[LOGGER], 2024-06-07 02:47:38.745 PM, info : Ini adalah Info2
[LOGGER], 2024-06-07 02:47:38.745 PM, http : ini adalah http2
[LOGGER], 2024-06-07 02:47:38.746 PM, verbose : Ini adalah verbose2
[LOGGER], 2024-06-07 02:47:38.747 PM, debug : Ini adalah debug2
[LOGGER], 2024-06-07 02:47:38.747 PM, silly : Ini adalah silly2
[LOGGER], 2024-06-07 02:47:38.748 PM, error : Ini adalah Error3
[LOGGER], 2024-06-07 02:47:38.748 PM, warn : Ini adalah Warn3
[LOGGER], 2024-06-07 02:47:38.748 PM, info : Ini adalah Info3
[LOGGER], 2024-06-07 02:47:38.748 PM, http : ini adalah http3
[LOGGER], 2024-06-07 02:47:38.749 PM, verbose : Ini adalah verbose3
[LOGGER], 2024-06-07 02:47:38.749 PM, debug : Ini adalah debug3
[LOGGER], 2024-06-07 02:47:38.749 PM, silly : Ini adalah silly3
[LOGGER], 2024-06-07 02:47:38.750 PM, error : Ini adalah Error4
[LOGGER], 2024-06-07 02:47:38.751 PM, warn : Ini adalah Warn4
[LOGGER], 2024-06-07 02:47:38.751 PM, info : Ini adalah Info4
[LOGGER], 2024-06-07 02:47:38.752 PM, http : ini adalah http4
[LOGGER], 2024-06-07 02:47:38.752 PM, verbose : Ini adalah verbose4
[LOGGER], 2024-06-07 02:47:38.752 PM, debug : Ini adalah debug4
[LOGGER], 2024-06-07 02:47:38.752 PM, silly : Ini adalah silly4
[LOGGER], 2024-06-07 02:54:49.349 PM, error : Ini adalah Error0
[LOGGER], 2024-06-07 02:54:49.353 PM, warn : Ini adalah Warn0
[LOGGER], 2024-06-07 02:54:49.354 PM, info : Ini adalah Info0
[LOGGER], 2024-06-07 02:54:49.355 PM, http : ini adalah http0
[LOGGER], 2024-06-07 02:54:49.356 PM, verbose : Ini adalah verbose0
[LOGGER], 2024-06-07 02:54:49.357 PM, debug : Ini adalah debug0
[LOGGER], 2024-06-07 02:54:49.357 PM, silly : Ini adalah silly0
[LOGGER], 2024-06-07 02:54:49.358 PM, error : Ini adalah Error1
[LOGGER], 2024-06-07 02:54:49.359 PM, warn : Ini adalah Warn1
[LOGGER], 2024-06-07 02:54:49.360 PM, info : Ini adalah Info1
[LOGGER], 2024-06-07 02:54:49.361 PM, http : ini adalah http1
[LOGGER], 2024-06-07 02:54:49.361 PM, verbose : Ini adalah verbose1
[LOGGER], 2024-06-07 02:54:49.362 PM, debug : Ini adalah debug1
[LOGGER], 2024-06-07 02:54:49.362 PM, silly : Ini adalah silly1
[LOGGER], 2024-06-07 02:54:49.796 PM, error : Ini adalah Error0
[LOGGER], 2024-06-07 02:54:49.798 PM, warn : Ini adalah Warn0
[LOGGER], 2024-06-07 02:54:49.798 PM, info : Ini adalah Info0
[LOGGER], 2024-06-07 02:54:49.799 PM, http : ini adalah http0
[LOGGER], 2024-06-07 02:54:49.799 PM, verbose : Ini adalah verbose0
[LOGGER], 2024-06-07 02:54:49.800 PM, debug : Ini adalah debug0
[LOGGER], 2024-06-07 02:54:49.800 PM, silly : Ini adalah silly0
[LOGGER], 2024-06-07 02:54:49.800 PM, error : Ini adalah Error1
[LOGGER], 2024-06-07 02:54:49.800 PM, warn : Ini adalah Warn1
[LOGGER], 2024-06-07 02:54:49.801 PM, info : Ini adalah Info1
[LOGGER], 2024-06-07 02:54:49.801 PM, http : ini adalah http1
[LOGGER], 2024-06-07 02:54:49.801 PM, verbose : Ini adalah verbose1
[LOGGER], 2024-06-07 02:54:49.801 PM, debug : Ini adalah debug1
[LOGGER], 2024-06-07 02:54:49.802 PM, silly : Ini adalah silly1
[LOGGER], 2024-06-07 02:54:50.011 PM, error : Ini adalah Error0
[LOGGER], 2024-06-07 02:54:50.012 PM, warn : Ini adalah Warn0
[LOGGER], 2024-06-07 02:54:50.012 PM, info : Ini adalah Info0
[LOGGER], 2024-06-07 02:54:50.012 PM, http : ini adalah http0
[LOGGER], 2024-06-07 02:54:50.013 PM, verbose : Ini adalah verbose0
[LOGGER], 2024-06-07 02:54:50.013 PM, debug : Ini adalah debug0
[LOGGER], 2024-06-07 02:54:50.013 PM, silly : Ini adalah silly0
[LOGGER], 2024-06-07 02:54:50.014 PM, error : Ini adalah Error1
[LOGGER], 2024-06-07 02:54:50.014 PM, warn : Ini adalah Warn1
[LOGGER], 2024-06-07 02:54:50.014 PM, info : Ini adalah Info1
[LOGGER], 2024-06-07 02:54:50.015 PM, http : ini adalah http1
[LOGGER], 2024-06-07 02:54:50.015 PM, verbose : Ini adalah verbose1
[LOGGER], 2024-06-07 02:54:50.015 PM, debug : Ini adalah debug1
[LOGGER], 2024-06-07 02:54:50.016 PM, silly : Ini adalah silly1
